{
  "/Users/apple/pongKeeper/src/configureStore.js": {
    "path": "/Users/apple/pongKeeper/src/configureStore.js",
    "statementMap": {
      "0": { "start": { "line": 14, "column": 22 }, "end": { "line": 20, "column": 1 } },
      "1": { "start": { "line": 22, "column": 25 }, "end": { "line": 22, "column": 71 } },
      "2": { "start": { "line": 25, "column": 25 }, "end": { "line": 25, "column": 32 } },
      "3": { "start": { "line": 26, "column": 34 }, "end": { "line": 26, "column": 36 } },
      "4": { "start": { "line": 37, "column": 25 }, "end": { "line": 37, "column": 70 } },
      "5": { "start": { "line": 42, "column": 22 }, "end": { "line": 42, "column": 65 } },
      "6": { "start": { "line": 44, "column": 20 }, "end": { "line": 44, "column": 53 } },
      "7": { "start": { "line": 46, "column": 16 }, "end": { "line": 46, "column": 91 } },
      "8": { "start": { "line": 48, "column": 20 }, "end": { "line": 48, "column": 39 } },
      "9": { "start": { "line": 51, "column": 2 }, "end": { "line": 51, "column": 37 } },
      "10": { "start": { "line": 52, "column": 2 }, "end": { "line": 52, "column": 30 } },
      "11": { "start": { "line": 53, "column": 2 }, "end": { "line": 53, "column": 27 } },
      "12": { "start": { "line": 63, "column": 2 }, "end": { "line": 63, "column": 30 } }
    },
    "fnMap": {
      "0": {
        "name": "configureStore",
        "decl": { "start": { "line": 24, "column": 24 }, "end": { "line": 24, "column": 38 } },
        "loc": { "start": { "line": 24, "column": 67 }, "end": { "line": 64, "column": 1 } },
        "line": 24
      }
    },
    "branchMap": {
      "0": {
        "loc": { "start": { "line": 24, "column": 39 }, "end": { "line": 24, "column": 56 } },
        "type": "default-arg",
        "locations": [{ "start": { "line": 24, "column": 54 }, "end": { "line": 24, "column": 56 } }],
        "line": 24
      }
    },
    "s": { "0": 0, "1": 0, "2": 0, "3": 0, "4": 0, "5": 0, "6": 0, "7": 0, "8": 0, "9": 0, "10": 0, "11": 0, "12": 0 },
    "f": { "0": 0 },
    "b": { "0": [0] }
  },
  "/Users/apple/pongKeeper/src/reducers.js": {
    "path": "/Users/apple/pongKeeper/src/reducers.js",
    "statementMap": {
      "0": { "start": { "line": 14, "column": 22 }, "end": { "line": 16, "column": 4 } },
      "1": { "start": { "line": 18, "column": 2 }, "end": { "line": 18, "column": 21 } }
    },
    "fnMap": {
      "0": {
        "name": "createReducer",
        "decl": { "start": { "line": 13, "column": 24 }, "end": { "line": 13, "column": 37 } },
        "loc": { "start": { "line": 13, "column": 40 }, "end": { "line": 19, "column": 1 } },
        "line": 13
      }
    },
    "branchMap": {},
    "s": { "0": 0, "1": 0 },
    "f": { "0": 0 },
    "b": {}
  },
  "/Users/apple/pongKeeper/src/components/ErrorBoundary/index.js": {
    "path": "/Users/apple/pongKeeper/src/components/ErrorBoundary/index.js",
    "statementMap": {
      "0": { "start": { "line": 12, "column": 4 }, "end": { "line": 12, "column": 17 } },
      "1": { "start": { "line": 13, "column": 4 }, "end": { "line": 13, "column": 50 } },
      "2": { "start": { "line": 17, "column": 4 }, "end": { "line": 17, "column": 37 } },
      "3": { "start": { "line": 21, "column": 4 }, "end": { "line": 21, "column": 36 } },
      "4": { "start": { "line": 25, "column": 4 }, "end": { "line": 28, "column": 5 } },
      "5": { "start": { "line": 27, "column": 6 }, "end": { "line": 27, "column": 44 } },
      "6": { "start": { "line": 29, "column": 4 }, "end": { "line": 29, "column": 31 } },
      "7": { "start": { "line": 32, "column": 0 }, "end": { "line": 34, "column": 2 } }
    },
    "fnMap": {
      "0": {
        "name": "(anonymous_0)",
        "decl": { "start": { "line": 11, "column": 2 }, "end": { "line": 11, "column": 3 } },
        "loc": { "start": { "line": 11, "column": 21 }, "end": { "line": 14, "column": 3 } },
        "line": 11
      },
      "1": {
        "name": "(anonymous_1)",
        "decl": { "start": { "line": 16, "column": 2 }, "end": { "line": 16, "column": 3 } },
        "loc": { "start": { "line": 16, "column": 41 }, "end": { "line": 18, "column": 3 } },
        "line": 16
      },
      "2": {
        "name": "(anonymous_2)",
        "decl": { "start": { "line": 20, "column": 2 }, "end": { "line": 20, "column": 3 } },
        "loc": { "start": { "line": 20, "column": 38 }, "end": { "line": 22, "column": 3 } },
        "line": 20
      },
      "3": {
        "name": "(anonymous_3)",
        "decl": { "start": { "line": 24, "column": 2 }, "end": { "line": 24, "column": 3 } },
        "loc": { "start": { "line": 24, "column": 11 }, "end": { "line": 30, "column": 3 } },
        "line": 24
      }
    },
    "branchMap": {
      "0": {
        "loc": { "start": { "line": 25, "column": 4 }, "end": { "line": 28, "column": 5 } },
        "type": "if",
        "locations": [
          { "start": { "line": 25, "column": 4 }, "end": { "line": 28, "column": 5 } },
          { "start": { "line": 25, "column": 4 }, "end": { "line": 28, "column": 5 } }
        ],
        "line": 25
      }
    },
    "s": { "0": 0, "1": 0, "2": 0, "3": 0, "4": 0, "5": 0, "6": 0, "7": 0 },
    "f": { "0": 0, "1": 0, "2": 0, "3": 0 },
    "b": { "0": [0, 0] }
  },
  "/Users/apple/pongKeeper/src/containers/app/index.js": {
    "path": "/Users/apple/pongKeeper/src/containers/app/index.js",
    "statementMap": {
      "0": { "start": { "line": 4, "column": 12 }, "end": { "line": 4, "column": 66 } },
      "1": { "start": { "line": 4, "column": 48 }, "end": { "line": 4, "column": 66 } },
      "2": { "start": { "line": 6, "column": 0 }, "end": { "line": 8, "column": 2 } }
    },
    "fnMap": {
      "0": {
        "name": "(anonymous_0)",
        "decl": { "start": { "line": 4, "column": 12 }, "end": { "line": 4, "column": 13 } },
        "loc": { "start": { "line": 4, "column": 48 }, "end": { "line": 4, "column": 66 } },
        "line": 4
      }
    },
    "branchMap": {
      "0": {
        "loc": { "start": { "line": 4, "column": 15 }, "end": { "line": 4, "column": 41 } },
        "type": "default-arg",
        "locations": [{ "start": { "line": 4, "column": 23 }, "end": { "line": 4, "column": 41 } }],
        "line": 4
      }
    },
    "s": { "0": 0, "1": 0, "2": 0 },
    "f": { "0": 0 },
    "b": { "0": [0] }
  },
  "/Users/apple/pongKeeper/src/themes/colors.js": {
    "path": "/Users/apple/pongKeeper/src/themes/colors.js",
    "statementMap": {
      "0": { "start": { "line": 8, "column": 16 }, "end": { "line": 8, "column": 25 } },
      "1": { "start": { "line": 9, "column": 13 }, "end": { "line": 9, "column": 22 } },
      "2": { "start": { "line": 10, "column": 18 }, "end": { "line": 10, "column": 27 } },
      "3": { "start": { "line": 11, "column": 16 }, "end": { "line": 11, "column": 25 } },
      "4": { "start": { "line": 12, "column": 14 }, "end": { "line": 12, "column": 23 } },
      "5": { "start": { "line": 14, "column": 15 }, "end": { "line": 32, "column": 1 } },
      "6": { "start": { "line": 33, "column": 0 }, "end": { "line": 33, "column": 24 } }
    },
    "fnMap": {},
    "branchMap": {},
    "s": { "0": 1, "1": 1, "2": 1, "3": 1, "4": 1, "5": 1, "6": 1 },
    "f": {},
    "b": {},
    "_coverageSchema": "1a1c01bbd47fc00a2c39e90264f33305004495a9",
    "hash": "4c2971983a2e6b8a70c0bb0f442d93b652b14d3c"
  },
  "/Users/apple/pongKeeper/src/themes/fonts.js": {
    "path": "/Users/apple/pongKeeper/src/themes/fonts.js",
    "statementMap": {
      "0": { "start": { "line": 5, "column": 24 }, "end": { "line": 17, "column": 1 } },
      "1": { "start": { "line": 5, "column": 69 }, "end": { "line": 17, "column": 1 } },
      "2": { "start": { "line": 19, "column": 16 }, "end": { "line": 21, "column": 1 } },
      "3": { "start": { "line": 19, "column": 22 }, "end": { "line": 21, "column": 1 } },
      "4": { "start": { "line": 23, "column": 17 }, "end": { "line": 25, "column": 1 } },
      "5": { "start": { "line": 23, "column": 23 }, "end": { "line": 25, "column": 1 } },
      "6": { "start": { "line": 26, "column": 14 }, "end": { "line": 28, "column": 1 } },
      "7": { "start": { "line": 26, "column": 20 }, "end": { "line": 28, "column": 1 } },
      "8": { "start": { "line": 29, "column": 12 }, "end": { "line": 31, "column": 1 } },
      "9": { "start": { "line": 29, "column": 18 }, "end": { "line": 31, "column": 1 } },
      "10": { "start": { "line": 32, "column": 14 }, "end": { "line": 34, "column": 1 } },
      "11": { "start": { "line": 32, "column": 20 }, "end": { "line": 34, "column": 1 } },
      "12": { "start": { "line": 35, "column": 19 }, "end": { "line": 37, "column": 1 } },
      "13": { "start": { "line": 35, "column": 25 }, "end": { "line": 37, "column": 1 } },
      "14": { "start": { "line": 40, "column": 14 }, "end": { "line": 42, "column": 1 } },
      "15": { "start": { "line": 40, "column": 20 }, "end": { "line": 42, "column": 1 } },
      "16": { "start": { "line": 43, "column": 13 }, "end": { "line": 45, "column": 1 } },
      "17": { "start": { "line": 43, "column": 19 }, "end": { "line": 45, "column": 1 } },
      "18": { "start": { "line": 47, "column": 15 }, "end": { "line": 49, "column": 1 } },
      "19": { "start": { "line": 47, "column": 21 }, "end": { "line": 49, "column": 1 } },
      "20": { "start": { "line": 52, "column": 16 }, "end": { "line": 55, "column": 1 } },
      "21": { "start": { "line": 52, "column": 22 }, "end": { "line": 55, "column": 1 } },
      "22": { "start": { "line": 57, "column": 19 }, "end": { "line": 60, "column": 1 } },
      "23": { "start": { "line": 57, "column": 25 }, "end": { "line": 60, "column": 1 } },
      "24": { "start": { "line": 62, "column": 17 }, "end": { "line": 65, "column": 1 } },
      "25": { "start": { "line": 62, "column": 23 }, "end": { "line": 65, "column": 1 } },
      "26": { "start": { "line": 67, "column": 16 }, "end": { "line": 70, "column": 1 } },
      "27": { "start": { "line": 67, "column": 22 }, "end": { "line": 70, "column": 1 } }
    },
    "fnMap": {
      "0": {
        "name": "(anonymous_0)",
        "decl": { "start": { "line": 5, "column": 24 }, "end": { "line": 5, "column": 25 } },
        "loc": { "start": { "line": 5, "column": 69 }, "end": { "line": 17, "column": 1 } },
        "line": 5
      },
      "1": {
        "name": "(anonymous_1)",
        "decl": { "start": { "line": 19, "column": 16 }, "end": { "line": 19, "column": 17 } },
        "loc": { "start": { "line": 19, "column": 22 }, "end": { "line": 21, "column": 1 } },
        "line": 19
      },
      "2": {
        "name": "(anonymous_2)",
        "decl": { "start": { "line": 23, "column": 17 }, "end": { "line": 23, "column": 18 } },
        "loc": { "start": { "line": 23, "column": 23 }, "end": { "line": 25, "column": 1 } },
        "line": 23
      },
      "3": {
        "name": "(anonymous_3)",
        "decl": { "start": { "line": 26, "column": 14 }, "end": { "line": 26, "column": 15 } },
        "loc": { "start": { "line": 26, "column": 20 }, "end": { "line": 28, "column": 1 } },
        "line": 26
      },
      "4": {
        "name": "(anonymous_4)",
        "decl": { "start": { "line": 29, "column": 12 }, "end": { "line": 29, "column": 13 } },
        "loc": { "start": { "line": 29, "column": 18 }, "end": { "line": 31, "column": 1 } },
        "line": 29
      },
      "5": {
        "name": "(anonymous_5)",
        "decl": { "start": { "line": 32, "column": 14 }, "end": { "line": 32, "column": 15 } },
        "loc": { "start": { "line": 32, "column": 20 }, "end": { "line": 34, "column": 1 } },
        "line": 32
      },
      "6": {
        "name": "(anonymous_6)",
        "decl": { "start": { "line": 35, "column": 19 }, "end": { "line": 35, "column": 20 } },
        "loc": { "start": { "line": 35, "column": 25 }, "end": { "line": 37, "column": 1 } },
        "line": 35
      },
      "7": {
        "name": "(anonymous_7)",
        "decl": { "start": { "line": 40, "column": 14 }, "end": { "line": 40, "column": 15 } },
        "loc": { "start": { "line": 40, "column": 20 }, "end": { "line": 42, "column": 1 } },
        "line": 40
      },
      "8": {
        "name": "(anonymous_8)",
        "decl": { "start": { "line": 43, "column": 13 }, "end": { "line": 43, "column": 14 } },
        "loc": { "start": { "line": 43, "column": 19 }, "end": { "line": 45, "column": 1 } },
        "line": 43
      },
      "9": {
        "name": "(anonymous_9)",
        "decl": { "start": { "line": 47, "column": 15 }, "end": { "line": 47, "column": 16 } },
        "loc": { "start": { "line": 47, "column": 21 }, "end": { "line": 49, "column": 1 } },
        "line": 47
      },
      "10": {
        "name": "(anonymous_10)",
        "decl": { "start": { "line": 52, "column": 16 }, "end": { "line": 52, "column": 17 } },
        "loc": { "start": { "line": 52, "column": 22 }, "end": { "line": 55, "column": 1 } },
        "line": 52
      },
      "11": {
        "name": "(anonymous_11)",
        "decl": { "start": { "line": 57, "column": 19 }, "end": { "line": 57, "column": 20 } },
        "loc": { "start": { "line": 57, "column": 25 }, "end": { "line": 60, "column": 1 } },
        "line": 57
      },
      "12": {
        "name": "(anonymous_12)",
        "decl": { "start": { "line": 62, "column": 17 }, "end": { "line": 62, "column": 18 } },
        "loc": { "start": { "line": 62, "column": 23 }, "end": { "line": 65, "column": 1 } },
        "line": 62
      },
      "13": {
        "name": "(anonymous_13)",
        "decl": { "start": { "line": 67, "column": 16 }, "end": { "line": 67, "column": 17 } },
        "loc": { "start": { "line": 67, "column": 22 }, "end": { "line": 70, "column": 1 } },
        "line": 67
      }
    },
    "branchMap": {
      "0": {
        "loc": { "start": { "line": 5, "column": 31 }, "end": { "line": 5, "column": 47 } },
        "type": "default-arg",
        "locations": [{ "start": { "line": 5, "column": 46 }, "end": { "line": 5, "column": 47 } }],
        "line": 5
      },
      "1": {
        "loc": { "start": { "line": 5, "column": 49 }, "end": { "line": 5, "column": 64 } },
        "type": "default-arg",
        "locations": [{ "start": { "line": 5, "column": 63 }, "end": { "line": 5, "column": 64 } }],
        "line": 5
      }
    },
    "s": {
      "0": 0,
      "1": 0,
      "2": 0,
      "3": 0,
      "4": 0,
      "5": 0,
      "6": 0,
      "7": 0,
      "8": 0,
      "9": 0,
      "10": 0,
      "11": 0,
      "12": 0,
      "13": 0,
      "14": 0,
      "15": 0,
      "16": 0,
      "17": 0,
      "18": 0,
      "19": 0,
      "20": 0,
      "21": 0,
      "22": 0,
      "23": 0,
      "24": 0,
      "25": 0,
      "26": 0,
      "27": 0
    },
    "f": {
      "0": 0,
      "1": 0,
      "2": 0,
      "3": 0,
      "4": 0,
      "5": 0,
      "6": 0,
      "7": 0,
      "8": 0,
      "9": 0,
      "10": 0,
      "11": 0,
      "12": 0,
      "13": 0
    },
    "b": { "0": [0], "1": [0] }
  },
  "/Users/apple/pongKeeper/src/themes/index.js": {
    "path": "/Users/apple/pongKeeper/src/themes/index.js",
    "statementMap": {},
    "fnMap": {},
    "branchMap": {},
    "s": {},
    "f": {},
    "b": {}
  },
  "/Users/apple/pongKeeper/src/themes/media.js": {
    "path": "/Users/apple/pongKeeper/src/themes/media.js",
    "statementMap": {
      "0": { "start": { "line": 2, "column": 20 }, "end": { "line": 6, "column": 1 } },
      "1": { "start": { "line": 7, "column": 14 }, "end": { "line": 11, "column": 1 } },
      "2": { "start": { "line": 14, "column": 2 }, "end": { "line": 31, "column": 4 } },
      "3": { "start": { "line": 16, "column": 6 }, "end": { "line": 22, "column": 25 } },
      "4": { "start": { "line": 24, "column": 6 }, "end": { "line": 30, "column": 25 } },
      "5": { "start": { "line": 32, "column": 2 }, "end": { "line": 32, "column": 13 } }
    },
    "fnMap": {
      "0": {
        "name": "(anonymous_0)",
        "decl": { "start": { "line": 13, "column": 41 }, "end": { "line": 13, "column": 42 } },
        "loc": { "start": { "line": 13, "column": 57 }, "end": { "line": 33, "column": 1 } },
        "line": 13
      },
      "1": {
        "name": "(anonymous_1)",
        "decl": { "start": { "line": 15, "column": 9 }, "end": { "line": 15, "column": 10 } },
        "loc": { "start": { "line": 16, "column": 6 }, "end": { "line": 22, "column": 25 } },
        "line": 16
      },
      "2": {
        "name": "(anonymous_2)",
        "decl": { "start": { "line": 23, "column": 9 }, "end": { "line": 23, "column": 10 } },
        "loc": { "start": { "line": 24, "column": 6 }, "end": { "line": 30, "column": 25 } },
        "line": 24
      }
    },
    "branchMap": {},
    "s": { "0": 0, "1": 0, "2": 0, "3": 0, "4": 0, "5": 0 },
    "f": { "0": 0, "1": 0, "2": 0 },
    "b": {}
  },
  "/Users/apple/pongKeeper/src/utils/history.js": {
    "path": "/Users/apple/pongKeeper/src/utils/history.js",
    "statementMap": {
      "0": { "start": { "line": 2, "column": 16 }, "end": { "line": 2, "column": 76 } },
      "1": { "start": { "line": 3, "column": 16 }, "end": { "line": 3, "column": 59 } }
    },
    "fnMap": {},
    "branchMap": {
      "0": {
        "loc": { "start": { "line": 2, "column": 16 }, "end": { "line": 2, "column": 76 } },
        "type": "cond-expr",
        "locations": [
          { "start": { "line": 2, "column": 56 }, "end": { "line": 2, "column": 70 } },
          { "start": { "line": 2, "column": 73 }, "end": { "line": 2, "column": 76 } }
        ],
        "line": 2
      }
    },
    "s": { "0": 0, "1": 0 },
    "f": {},
    "b": { "0": [0, 0] }
  }
}
