{
  "/Users/apple/pongKeeper/src/configureStore.js": {
    "path": "/Users/apple/pongKeeper/src/configureStore.js",
    "statementMap": {
      "0": { "start": { "line": 14, "column": 22 }, "end": { "line": 20, "column": 1 } },
      "1": { "start": { "line": 22, "column": 25 }, "end": { "line": 22, "column": 71 } },
      "2": { "start": { "line": 25, "column": 25 }, "end": { "line": 25, "column": 32 } },
      "3": { "start": { "line": 26, "column": 34 }, "end": { "line": 26, "column": 36 } },
      "4": { "start": { "line": 37, "column": 25 }, "end": { "line": 37, "column": 70 } },
      "5": { "start": { "line": 42, "column": 22 }, "end": { "line": 42, "column": 65 } },
      "6": { "start": { "line": 44, "column": 20 }, "end": { "line": 44, "column": 53 } },
      "7": { "start": { "line": 46, "column": 16 }, "end": { "line": 46, "column": 91 } },
      "8": { "start": { "line": 48, "column": 20 }, "end": { "line": 48, "column": 39 } },
      "9": { "start": { "line": 51, "column": 2 }, "end": { "line": 51, "column": 37 } },
      "10": { "start": { "line": 52, "column": 2 }, "end": { "line": 52, "column": 30 } },
      "11": { "start": { "line": 53, "column": 2 }, "end": { "line": 53, "column": 27 } },
      "12": { "start": { "line": 63, "column": 2 }, "end": { "line": 63, "column": 30 } }
    },
    "fnMap": {
      "0": {
        "name": "configureStore",
        "decl": { "start": { "line": 24, "column": 24 }, "end": { "line": 24, "column": 38 } },
        "loc": { "start": { "line": 24, "column": 67 }, "end": { "line": 64, "column": 1 } },
        "line": 24
      }
    },
    "branchMap": {
      "0": {
        "loc": { "start": { "line": 24, "column": 39 }, "end": { "line": 24, "column": 56 } },
        "type": "default-arg",
        "locations": [{ "start": { "line": 24, "column": 54 }, "end": { "line": 24, "column": 56 } }],
        "line": 24
      }
    },
    "s": { "0": 0, "1": 0, "2": 0, "3": 0, "4": 0, "5": 0, "6": 0, "7": 0, "8": 0, "9": 0, "10": 0, "11": 0, "12": 0 },
    "f": { "0": 0 },
    "b": { "0": [0] }
  },
  "/Users/apple/pongKeeper/src/reducers.js": {
    "path": "/Users/apple/pongKeeper/src/reducers.js",
    "statementMap": {
      "0": { "start": { "line": 14, "column": 22 }, "end": { "line": 16, "column": 4 } },
      "1": { "start": { "line": 18, "column": 2 }, "end": { "line": 18, "column": 21 } }
    },
    "fnMap": {
      "0": {
        "name": "createReducer",
        "decl": { "start": { "line": 13, "column": 24 }, "end": { "line": 13, "column": 37 } },
        "loc": { "start": { "line": 13, "column": 40 }, "end": { "line": 19, "column": 1 } },
        "line": 13
      }
    },
    "branchMap": {},
    "s": { "0": 0, "1": 0 },
    "f": { "0": 0 },
    "b": {}
  },
  "/Users/apple/pongKeeper/src/components/ErrorBoundary/index.js": {
    "path": "/Users/apple/pongKeeper/src/components/ErrorBoundary/index.js",
    "statementMap": {
      "0": { "start": { "line": 12, "column": 4 }, "end": { "line": 12, "column": 17 } },
      "1": { "start": { "line": 13, "column": 4 }, "end": { "line": 13, "column": 50 } },
      "2": { "start": { "line": 17, "column": 4 }, "end": { "line": 17, "column": 37 } },
      "3": { "start": { "line": 21, "column": 4 }, "end": { "line": 21, "column": 36 } },
      "4": { "start": { "line": 25, "column": 4 }, "end": { "line": 28, "column": 5 } },
      "5": { "start": { "line": 27, "column": 6 }, "end": { "line": 27, "column": 44 } },
      "6": { "start": { "line": 29, "column": 4 }, "end": { "line": 29, "column": 31 } },
      "7": { "start": { "line": 32, "column": 0 }, "end": { "line": 34, "column": 2 } }
    },
    "fnMap": {
      "0": {
        "name": "(anonymous_0)",
        "decl": { "start": { "line": 11, "column": 2 }, "end": { "line": 11, "column": 3 } },
        "loc": { "start": { "line": 11, "column": 21 }, "end": { "line": 14, "column": 3 } },
        "line": 11
      },
      "1": {
        "name": "(anonymous_1)",
        "decl": { "start": { "line": 16, "column": 2 }, "end": { "line": 16, "column": 3 } },
        "loc": { "start": { "line": 16, "column": 41 }, "end": { "line": 18, "column": 3 } },
        "line": 16
      },
      "2": {
        "name": "(anonymous_2)",
        "decl": { "start": { "line": 20, "column": 2 }, "end": { "line": 20, "column": 3 } },
        "loc": { "start": { "line": 20, "column": 38 }, "end": { "line": 22, "column": 3 } },
        "line": 20
      },
      "3": {
        "name": "(anonymous_3)",
        "decl": { "start": { "line": 24, "column": 2 }, "end": { "line": 24, "column": 3 } },
        "loc": { "start": { "line": 24, "column": 11 }, "end": { "line": 30, "column": 3 } },
        "line": 24
      }
    },
    "branchMap": {
      "0": {
        "loc": { "start": { "line": 25, "column": 4 }, "end": { "line": 28, "column": 5 } },
        "type": "if",
        "locations": [
          { "start": { "line": 25, "column": 4 }, "end": { "line": 28, "column": 5 } },
          { "start": { "line": 25, "column": 4 }, "end": { "line": 28, "column": 5 } }
        ],
        "line": 25
      }
    },
    "s": { "0": 0, "1": 0, "2": 0, "3": 0, "4": 0, "5": 0, "6": 0, "7": 0 },
    "f": { "0": 0, "1": 0, "2": 0, "3": 0 },
    "b": { "0": [0, 0] }
  },
  "/Users/apple/pongKeeper/src/containers/app/index.js": {
    "path": "/Users/apple/pongKeeper/src/containers/app/index.js",
    "statementMap": {
      "0": { "start": { "line": 4, "column": 12 }, "end": { "line": 4, "column": 66 } },
      "1": { "start": { "line": 4, "column": 48 }, "end": { "line": 4, "column": 66 } },
      "2": { "start": { "line": 6, "column": 0 }, "end": { "line": 8, "column": 2 } }
    },
    "fnMap": {
      "0": {
        "name": "(anonymous_0)",
        "decl": { "start": { "line": 4, "column": 12 }, "end": { "line": 4, "column": 13 } },
        "loc": { "start": { "line": 4, "column": 48 }, "end": { "line": 4, "column": 66 } },
        "line": 4
      }
    },
    "branchMap": {
      "0": {
        "loc": { "start": { "line": 4, "column": 15 }, "end": { "line": 4, "column": 41 } },
        "type": "default-arg",
        "locations": [{ "start": { "line": 4, "column": 23 }, "end": { "line": 4, "column": 41 } }],
        "line": 4
      }
    },
    "s": { "0": 0, "1": 0, "2": 0 },
    "f": { "0": 0 },
    "b": { "0": [0] }
  },
  "/Users/apple/pongKeeper/src/utils/history.js": {
    "path": "/Users/apple/pongKeeper/src/utils/history.js",
    "statementMap": {
      "0": { "start": { "line": 2, "column": 16 }, "end": { "line": 2, "column": 76 } },
      "1": { "start": { "line": 3, "column": 16 }, "end": { "line": 3, "column": 59 } }
    },
    "fnMap": {},
    "branchMap": {
      "0": {
        "loc": { "start": { "line": 2, "column": 16 }, "end": { "line": 2, "column": 76 } },
        "type": "cond-expr",
        "locations": [
          { "start": { "line": 2, "column": 56 }, "end": { "line": 2, "column": 70 } },
          { "start": { "line": 2, "column": 73 }, "end": { "line": 2, "column": 76 } }
        ],
        "line": 2
      }
    },
    "s": { "0": 0, "1": 0 },
    "f": {},
    "b": { "0": [0, 0] }
  }
}
